0 info it worked if it ends with ok
1 verbose cli [ '/home/linden/App/node-v6.11.0-linux-x64/bin/node',
1 verbose cli   '/home/linden/App/node-v6.11.0-linux-x64/bin/npm',
1 verbose cli   'run',
1 verbose cli   'build' ]
2 info using npm@3.10.10
3 info using node@v6.11.0
4 verbose run-script [ 'prebuild', 'build', 'postbuild' ]
5 info lifecycle home@1.0.0~prebuild: home@1.0.0
6 silly lifecycle home@1.0.0~prebuild: no script for prebuild, continuing
7 info lifecycle home@1.0.0~build: home@1.0.0
8 verbose lifecycle home@1.0.0~build: unsafe-perm in lifecycle true
9 verbose lifecycle home@1.0.0~build: PATH: /home/linden/App/node-v6.11.0-linux-x64/lib/node_modules/npm/bin/node-gyp-bin:/home/linden/repo/home/node_modules/.bin:/home/linden/bin:/home/linden/.local/bin:/usr/local/sbin:/usr/local/bin:/usr/sbin:/usr/bin:/sbin:/bin:/usr/games:/usr/local/games:/snap/bin:/home/linden/App/jdk1.8.0_131/bin:/home/linden/App/jdk1.8.0_131/bin:/bin:/home/linden/App/jdk1.8.0_131/bin:/bin:/home/linden/App/jdk1.8.0_131/bin:/home/linden/App/node-v6.11.0-linux-x64/bin:/home/linden/App/jdk1.8.0_131/bin:/home/linden/App/node-v6.11.0-linux-x64/bin
10 verbose lifecycle home@1.0.0~build: CWD: /home/linden/repo/home
11 silly lifecycle home@1.0.0~build: Args: [ '-c', 'babel src --out-file lib/bayesian.js -w' ]
12 silly lifecycle home@1.0.0~build: Returned: code: 1  signal: null
13 info lifecycle home@1.0.0~build: Failed to exec build script
14 verbose stack Error: home@1.0.0 build: `babel src --out-file lib/bayesian.js -w`
14 verbose stack Exit status 1
14 verbose stack     at EventEmitter.<anonymous> (/home/linden/App/node-v6.11.0-linux-x64/lib/node_modules/npm/lib/utils/lifecycle.js:255:16)
14 verbose stack     at emitTwo (events.js:106:13)
14 verbose stack     at EventEmitter.emit (events.js:191:7)
14 verbose stack     at ChildProcess.<anonymous> (/home/linden/App/node-v6.11.0-linux-x64/lib/node_modules/npm/lib/utils/spawn.js:40:14)
14 verbose stack     at emitTwo (events.js:106:13)
14 verbose stack     at ChildProcess.emit (events.js:191:7)
14 verbose stack     at maybeClose (internal/child_process.js:891:16)
14 verbose stack     at Process.ChildProcess._handle.onexit (internal/child_process.js:226:5)
15 verbose pkgid home@1.0.0
16 verbose cwd /home/linden/repo/home
17 error Linux 4.8.0-54-generic
18 error argv "/home/linden/App/node-v6.11.0-linux-x64/bin/node" "/home/linden/App/node-v6.11.0-linux-x64/bin/npm" "run" "build"
19 error node v6.11.0
20 error npm  v3.10.10
21 error code ELIFECYCLE
22 error home@1.0.0 build: `babel src --out-file lib/bayesian.js -w`
22 error Exit status 1
23 error Failed at the home@1.0.0 build script 'babel src --out-file lib/bayesian.js -w'.
23 error Make sure you have the latest version of node.js and npm installed.
23 error If you do, this is most likely a problem with the home package,
23 error not with npm itself.
23 error Tell the author that this fails on your system:
23 error     babel src --out-file lib/bayesian.js -w
23 error You can get information on how to open an issue for this project with:
23 error     npm bugs home
23 error Or if that isn't available, you can get their info via:
23 error     npm owner ls home
23 error There is likely additional logging output above.
24 verbose exit [ 1, true ]
